<?xml version="1.0" encoding="UTF-8"?>
<testsuite xmlns:xsi="http://www.w3.org/2001/XMLSchema-instance" xsi:noNamespaceSchemaLocation="https://maven.apache.org/surefire/maven-surefire-plugin/xsd/surefire-test-report.xsd" name="fr.mediscreen.demographique_patient.TestPatient" time="2.369" tests="8" errors="0" skipped="0" failures="0">
  <properties>
[...]
</properties>
  <testcase name="getAllPatientIsEmptyTest" classname="fr.mediscreen.demographique_patient.TestPatient" time="0.273"/>
  <testcase name="getPatientByIdIsNotFoundTest" classname="fr.mediscreen.demographique_patient.TestPatient" time="0.046"/>
  <testcase name="createNewPatientTest" classname="fr.mediscreen.demographique_patient.TestPatient" time="0.09"/>
  <testcase name="getAllPatientTest" classname="fr.mediscreen.demographique_patient.TestPatient" time="0.027"/>
  <testcase name="getPatientByIdTest" classname="fr.mediscreen.demographique_patient.TestPatient" time="0.016"/>
  <testcase name="getUpdatePatientByIdTest" classname="fr.mediscreen.demographique_patient.TestPatient" time="0.084"/>
  <testcase name="deletePatientByIdTest" classname="fr.mediscreen.demographique_patient.TestPatient" time="0.019"/>
  <testcase name="deletePatientByIdExceptionTest" classname="fr.mediscreen.demographique_patient.TestPatient" time="0.011"/>
</testsuite>