GROUP,PACKAGE,CLASS,INSTRUCTION_MISSED,INSTRUCTION_COVERED,BRANCH_MISSED,BRANCH_COVERED,LINE_MISSED,LINE_COVERED,COMPLEXITY_MISSED,COMPLEXITY_COVERED,METHOD_MISSED,METHOD_COVERED
notes,fr.mediscreen.notes.beans,PatientBean,0,68,0,0,0,10,0,16,0,16
notes,fr.mediscreen.notes.config,SwaggerConfig.new WebMvcConfigurer() {...},0,39,0,0,0,4,0,2,0,2
notes,fr.mediscreen.notes.config,SwaggerConfig,0,19,0,0,0,7,0,3,0,3
notes,fr.mediscreen.notes.controller,NotesController,63,203,2,10,15,44,2,11,0,7
notes,fr.mediscreen.notes.service,NotesServices,0,28,0,0,0,7,0,6,0,6
notes,fr.mediscreen.notes.service,PatientService,0,18,0,0,0,4,0,3,0,3
notes,fr.mediscreen.notes.model,NotesModel,0,53,0,0,0,13,0,11,0,11
notes,fr.mediscreen.notes,NotesApplication,0,8,0,0,0,3,0,2,0,2
